<?xml version="1.0" encoding="UTF-8"?>
<!-- Generated by org.testng.reporters.JUnitReportReporter -->
<testsuite hostname="PRITESH-PC" name="demo.DemoJenkinsProg" tests="1" failures="0" timestamp="15 Sep 2017 10:11:23 GMT" time="22.811" errors="0">
  <testcase name="demoTst" time="22.811" classname="demo.DemoJenkinsProg"/>
</testsuite> <!-- demo.DemoJenkinsProg -->
