<?xml version="1.0" encoding="UTF-8"?>
<!-- Generated by org.testng.reporters.JUnitReportReporter -->
<testsuite hostname="PRITESH-PC" name="demo.DemoJenkinsProg" tests="1" failures="0" timestamp="17 Sep 2017 13:28:41 GMT" time="22.249" errors="0">
  <testcase name="demoTst" time="22.249" classname="demo.DemoJenkinsProg"/>
</testsuite> <!-- demo.DemoJenkinsProg -->
